0 info it worked if it ends with ok
1 verbose cli [
1 verbose cli   'C:\\Program Files\\nodejs\\node.exe',
1 verbose cli   'C:\\Program Files\\nodejs\\node_modules\\npm\\bin\\npm-cli.js',
1 verbose cli   'run',
1 verbose cli   'sass'
1 verbose cli ]
2 info using npm@6.14.11
3 info using node@v14.16.0
4 verbose run-script [ 'presass', 'sass', 'postsass' ]
5 info lifecycle project@1.0.0~presass: project@1.0.0
6 info lifecycle project@1.0.0~sass: project@1.0.0
7 verbose lifecycle project@1.0.0~sass: unsafe-perm in lifecycle true
8 verbose lifecycle project@1.0.0~sass: PATH: C:\Program Files\nodejs\node_modules\npm\node_modules\npm-lifecycle\node-gyp-bin;D:\Documents\Openclassrooms\P3_Caudan_Theo\Project\node_modules\.bin;C:\Windows\system32;C:\Windows;C:\Windows\System32\Wbem;C:\Windows\System32\WindowsPowerShell\v1.0\;C:\Program Files (x86)\NVIDIA Corporation\PhysX\Common;C:\WINDOWS\system32;C:\WINDOWS;C:\WINDOWS\System32\Wbem;C:\WINDOWS\System32\WindowsPowerShell\v1.0\;C:\WINDOWS\System32\OpenSSH\;C:\Users\Euh\AppData\Local\Microsoft\WindowsApps;C:\adb;C:\WINDOWS\system32;C:\WINDOWS;C:\WINDOWS\System32\Wbem;C:\WINDOWS\System32\WindowsPowerShell\v1.0\;C:\WINDOWS\System32\OpenSSH\;C:\Program Files\Git\cmd;C:\Program Files\nodejs\;C:\Users\Euh\AppData\Local\Microsoft\WindowsApps;;C:\Users\Euh\AppData\Local\Programs\Microsoft VS Code\bin;C:\Users\Euh\AppData\Roaming\npm
9 verbose lifecycle project@1.0.0~sass: CWD: D:\Documents\Openclassrooms\P3_Caudan_Theo\Project
10 silly lifecycle project@1.0.0~sass: Args: [ '/d /s /c', 'sass --watch .sass/main.scss :./style/style.css' ]
11 silly lifecycle project@1.0.0~sass: Returned: code: 64  signal: null
12 info lifecycle project@1.0.0~sass: Failed to exec sass script
13 verbose stack Error: project@1.0.0 sass: `sass --watch .sass/main.scss :./style/style.css`
13 verbose stack Exit status 64
13 verbose stack     at EventEmitter.<anonymous> (C:\Program Files\nodejs\node_modules\npm\node_modules\npm-lifecycle\index.js:332:16)
13 verbose stack     at EventEmitter.emit (events.js:315:20)
13 verbose stack     at ChildProcess.<anonymous> (C:\Program Files\nodejs\node_modules\npm\node_modules\npm-lifecycle\lib\spawn.js:55:14)
13 verbose stack     at ChildProcess.emit (events.js:315:20)
13 verbose stack     at maybeClose (internal/child_process.js:1048:16)
13 verbose stack     at Process.ChildProcess._handle.onexit (internal/child_process.js:288:5)
14 verbose pkgid project@1.0.0
15 verbose cwd D:\Documents\Openclassrooms\P3_Caudan_Theo\Project
16 verbose Windows_NT 10.0.19041
17 verbose argv "C:\\Program Files\\nodejs\\node.exe" "C:\\Program Files\\nodejs\\node_modules\\npm\\bin\\npm-cli.js" "run" "sass"
18 verbose node v14.16.0
19 verbose npm  v6.14.11
20 error code ELIFECYCLE
21 error errno 64
22 error project@1.0.0 sass: `sass --watch .sass/main.scss :./style/style.css`
22 error Exit status 64
23 error Failed at the project@1.0.0 sass script.
23 error This is probably not a problem with npm. There is likely additional logging output above.
24 verbose exit [ 64, true ]
